<?xml version="1.0" encoding="UTF-8"?>
<testsuite xmlns:xsi="http://www.w3.org/2001/XMLSchema-instance" xsi:noNamespaceSchemaLocation="https://maven.apache.org/surefire/maven-surefire-plugin/xsd/surefire-test-report-3.0.xsd" version="3.0" name="TestSuite" time="22.715" tests="20" errors="0" skipped="0" failures="20">
  <properties>
    <property name="sun.desktop" value="windows"/>
    <property name="awt.toolkit" value="sun.awt.windows.WToolkit"/>
    <property name="java.specification.version" value="11"/>
    <property name="webdriver.chrome.driver" value="src/test/resources/chromedriver108.exe"/>
    <property name="sun.cpu.isalist" value="amd64"/>
    <property name="sun.jnu.encoding" value="Cp1252"/>
    <property name="java.class.path" value="C:\Users\raghuwansh.shisode\Desktop\Compex Automation\2023-01-27\Compex\compex\target\test-classes;C:\Users\raghuwansh.shisode\Desktop\Compex Automation\2023-01-27\Compex\compex\target\classes;C:\Users\raghuwansh.shisode\.m2\repository\org\testng\testng\7.4.0\testng-7.4.0.jar;C:\Users\raghuwansh.shisode\.m2\repository\com\beust\jcommander\1.78\jcommander-1.78.jar;C:\Users\raghuwansh.shisode\.m2\repository\org\webjars\jquery\3.5.1\jquery-3.5.1.jar;C:\Users\raghuwansh.shisode\.m2\repository\com\squareup\okhttp3\okhttp\4.9.1\okhttp-4.9.1.jar;C:\Users\raghuwansh.shisode\.m2\repository\com\squareup\okio\okio\2.10.0\okio-2.10.0.jar;C:\Users\raghuwansh.shisode\.m2\repository\org\jetbrains\kotlin\kotlin-stdlib-common\1.4.20\kotlin-stdlib-common-1.4.20.jar;C:\Users\raghuwansh.shisode\.m2\repository\org\jetbrains\kotlin\kotlin-stdlib\1.5.21\kotlin-stdlib-1.5.21.jar;C:\Users\raghuwansh.shisode\.m2\repository\org\jetbrains\annotations\13.0\annotations-13.0.jar;C:\Users\raghuwansh.shisode\.m2\repository\org\json\json\20210307\json-20210307.jar;C:\Users\raghuwansh.shisode\.m2\repository\org\skyscreamer\jsonassert\1.5.0\jsonassert-1.5.0.jar;C:\Users\raghuwansh.shisode\.m2\repository\com\vaadin\external\google\android-json\0.0.20131108.vaadin1\android-json-0.0.20131108.vaadin1.jar;C:\Users\raghuwansh.shisode\.m2\repository\org\apache\commons\commons-text\1.9\commons-text-1.9.jar;C:\Users\raghuwansh.shisode\.m2\repository\org\apache\commons\commons-lang3\3.11\commons-lang3-3.11.jar;C:\Users\raghuwansh.shisode\.m2\repository\org\seleniumhq\selenium\selenium-chrome-driver\4.0.0\selenium-chrome-driver-4.0.0.jar;C:\Users\raghuwansh.shisode\.m2\repository\com\google\auto\service\auto-service-annotations\1.0\auto-service-annotations-1.0.jar;C:\Users\raghuwansh.shisode\.m2\repository\com\google\auto\service\auto-service\1.0\auto-service-1.0.jar;C:\Users\raghuwansh.shisode\.m2\repository\com\google\auto\auto-common\1.0\auto-common-1.0.jar;C:\Users\raghuwansh.shisode\.m2\repository\com\google\guava\guava\31.0.1-jre\guava-31.0.1-jre.jar;C:\Users\raghuwansh.shisode\.m2\repository\com\google\guava\failureaccess\1.0.1\failureaccess-1.0.1.jar;C:\Users\raghuwansh.shisode\.m2\repository\com\google\guava\listenablefuture\9999.0-empty-to-avoid-conflict-with-guava\listenablefuture-9999.0-empty-to-avoid-conflict-with-guava.jar;C:\Users\raghuwansh.shisode\.m2\repository\com\google\code\findbugs\jsr305\3.0.2\jsr305-3.0.2.jar;C:\Users\raghuwansh.shisode\.m2\repository\org\checkerframework\checker-qual\3.12.0\checker-qual-3.12.0.jar;C:\Users\raghuwansh.shisode\.m2\repository\com\google\errorprone\error_prone_annotations\2.7.1\error_prone_annotations-2.7.1.jar;C:\Users\raghuwansh.shisode\.m2\repository\com\google\j2objc\j2objc-annotations\1.3\j2objc-annotations-1.3.jar;C:\Users\raghuwansh.shisode\.m2\repository\org\seleniumhq\selenium\selenium-api\4.0.0\selenium-api-4.0.0.jar;C:\Users\raghuwansh.shisode\.m2\repository\org\seleniumhq\selenium\selenium-chromium-driver\4.0.0\selenium-chromium-driver-4.0.0.jar;C:\Users\raghuwansh.shisode\.m2\repository\org\seleniumhq\selenium\selenium-json\4.0.0\selenium-json-4.0.0.jar;C:\Users\raghuwansh.shisode\.m2\repository\org\seleniumhq\selenium\selenium-remote-driver\4.0.0\selenium-remote-driver-4.0.0.jar;C:\Users\raghuwansh.shisode\.m2\repository\io\netty\netty-buffer\4.1.68.Final\netty-buffer-4.1.68.Final.jar;C:\Users\raghuwansh.shisode\.m2\repository\io\netty\netty-codec-http\4.1.67.Final\netty-codec-http-4.1.67.Final.jar;C:\Users\raghuwansh.shisode\.m2\repository\io\netty\netty-codec\4.1.67.Final\netty-codec-4.1.67.Final.jar;C:\Users\raghuwansh.shisode\.m2\repository\io\netty\netty-handler\4.1.67.Final\netty-handler-4.1.67.Final.jar;C:\Users\raghuwansh.shisode\.m2\repository\io\netty\netty-common\4.1.68.Final\netty-common-4.1.68.Final.jar;C:\Users\raghuwansh.shisode\.m2\repository\io\netty\netty-transport-native-epoll\4.1.67.Final\netty-transport-native-epoll-4.1.67.Final.jar;C:\Users\raghuwansh.shisode\.m2\repository\io\netty\netty-transport-native-kqueue\4.1.67.Final\netty-transport-native-kqueue-4.1.67.Final.jar;C:\Users\raghuwansh.shisode\.m2\repository\io\netty\netty-transport-native-unix-common\4.1.67.Final\netty-transport-native-unix-common-4.1.67.Final.jar;C:\Users\raghuwansh.shisode\.m2\repository\io\netty\netty-transport\4.1.68.Final\netty-transport-4.1.68.Final.jar;C:\Users\raghuwansh.shisode\.m2\repository\io\netty\netty-resolver\4.1.68.Final\netty-resolver-4.1.68.Final.jar;C:\Users\raghuwansh.shisode\.m2\repository\io\opentelemetry\opentelemetry-api\1.6.0\opentelemetry-api-1.6.0.jar;C:\Users\raghuwansh.shisode\.m2\repository\io\opentelemetry\opentelemetry-context\1.6.0\opentelemetry-context-1.6.0.jar;C:\Users\raghuwansh.shisode\.m2\repository\io\opentelemetry\opentelemetry-exporter-logging\1.6.0\opentelemetry-exporter-logging-1.6.0.jar;C:\Users\raghuwansh.shisode\.m2\repository\io\opentelemetry\opentelemetry-sdk-metrics\1.6.0-alpha\opentelemetry-sdk-metrics-1.6.0-alpha.jar;C:\Users\raghuwansh.shisode\.m2\repository\io\opentelemetry\opentelemetry-sdk-common\1.6.0\opentelemetry-sdk-common-1.6.0.jar;C:\Users\raghuwansh.shisode\.m2\repository\io\opentelemetry\opentelemetry-sdk-extension-autoconfigure-spi\1.6.0\opentelemetry-sdk-extension-autoconfigure-spi-1.6.0.jar;C:\Users\raghuwansh.shisode\.m2\repository\io\opentelemetry\opentelemetry-sdk-extension-autoconfigure\1.6.0-alpha\opentelemetry-sdk-extension-autoconfigure-1.6.0-alpha.jar;C:\Users\raghuwansh.shisode\.m2\repository\io\opentelemetry\opentelemetry-sdk-trace\1.6.0\opentelemetry-sdk-trace-1.6.0.jar;C:\Users\raghuwansh.shisode\.m2\repository\io\opentelemetry\opentelemetry-api-metrics\1.6.0-alpha\opentelemetry-api-metrics-1.6.0-alpha.jar;C:\Users\raghuwansh.shisode\.m2\repository\io\opentelemetry\opentelemetry-sdk\1.6.0\opentelemetry-sdk-1.6.0.jar;C:\Users\raghuwansh.shisode\.m2\repository\io\opentelemetry\opentelemetry-semconv\1.6.0-alpha\opentelemetry-semconv-1.6.0-alpha.jar;C:\Users\raghuwansh.shisode\.m2\repository\io\ous\jtoml\2.0.0\jtoml-2.0.0.jar;C:\Users\raghuwansh.shisode\.m2\repository\net\bytebuddy\byte-buddy\1.11.19\byte-buddy-1.11.19.jar;C:\Users\raghuwansh.shisode\.m2\repository\org\apache\commons\commons-exec\1.3\commons-exec-1.3.jar;C:\Users\raghuwansh.shisode\.m2\repository\org\asynchttpclient\async-http-client\2.12.3\async-http-client-2.12.3.jar;C:\Users\raghuwansh.shisode\.m2\repository\org\asynchttpclient\async-http-client-netty-utils\2.12.3\async-http-client-netty-utils-2.12.3.jar;C:\Users\raghuwansh.shisode\.m2\repository\io\netty\netty-codec-socks\4.1.60.Final\netty-codec-socks-4.1.60.Final.jar;C:\Users\raghuwansh.shisode\.m2\repository\io\netty\netty-handler-proxy\4.1.60.Final\netty-handler-proxy-4.1.60.Final.jar;C:\Users\raghuwansh.shisode\.m2\repository\io\netty\netty-transport-native-epoll\4.1.60.Final\netty-transport-native-epoll-4.1.60.Final-linux-x86_64.jar;C:\Users\raghuwansh.shisode\.m2\repository\io\netty\netty-transport-native-kqueue\4.1.60.Final\netty-transport-native-kqueue-4.1.60.Final-osx-x86_64.jar;C:\Users\raghuwansh.shisode\.m2\repository\org\reactivestreams\reactive-streams\1.0.3\reactive-streams-1.0.3.jar;C:\Users\raghuwansh.shisode\.m2\repository\com\typesafe\netty\netty-reactive-streams\2.0.4\netty-reactive-streams-2.0.4.jar;C:\Users\raghuwansh.shisode\.m2\repository\com\sun\activation\jakarta.activation\1.2.2\jakarta.activation-1.2.2.jar;C:\Users\raghuwansh.shisode\.m2\repository\org\seleniumhq\selenium\selenium-http\4.0.0\selenium-http-4.0.0.jar;C:\Users\raghuwansh.shisode\.m2\repository\org\seleniumhq\selenium\selenium-support\4.0.0\selenium-support-4.0.0.jar;C:\Users\raghuwansh.shisode\.m2\repository\commons-io\commons-io\2.11.0\commons-io-2.11.0.jar;C:\Users\raghuwansh.shisode\.m2\repository\org\apache\poi\poi\5.0.0\poi-5.0.0.jar;C:\Users\raghuwansh.shisode\.m2\repository\org\slf4j\slf4j-api\1.7.30\slf4j-api-1.7.30.jar;C:\Users\raghuwansh.shisode\.m2\repository\org\slf4j\jcl-over-slf4j\1.7.30\jcl-over-slf4j-1.7.30.jar;C:\Users\raghuwansh.shisode\.m2\repository\commons-codec\commons-codec\1.15\commons-codec-1.15.jar;C:\Users\raghuwansh.shisode\.m2\repository\org\apache\commons\commons-collections4\4.4\commons-collections4-4.4.jar;C:\Users\raghuwansh.shisode\.m2\repository\org\apache\commons\commons-math3\3.6.1\commons-math3-3.6.1.jar;C:\Users\raghuwansh.shisode\.m2\repository\com\zaxxer\SparseBitSet\1.2\SparseBitSet-1.2.jar;C:\Users\raghuwansh.shisode\.m2\repository\org\apache\poi\poi-ooxml\5.0.0\poi-ooxml-5.0.0.jar;C:\Users\raghuwansh.shisode\.m2\repository\org\apache\poi\poi-ooxml-lite\5.0.0\poi-ooxml-lite-5.0.0.jar;C:\Users\raghuwansh.shisode\.m2\repository\org\apache\xmlbeans\xmlbeans\4.0.0\xmlbeans-4.0.0.jar;C:\Users\raghuwansh.shisode\.m2\repository\org\apache\commons\commons-compress\1.20\commons-compress-1.20.jar;C:\Users\raghuwansh.shisode\.m2\repository\com\github\virtuald\curvesapi\1.06\curvesapi-1.06.jar;C:\Users\raghuwansh.shisode\.m2\repository\org\bouncycastle\bcpkix-jdk15on\1.68\bcpkix-jdk15on-1.68.jar;C:\Users\raghuwansh.shisode\.m2\repository\org\bouncycastle\bcprov-jdk15on\1.68\bcprov-jdk15on-1.68.jar;C:\Users\raghuwansh.shisode\.m2\repository\org\apache\santuario\xmlsec\2.2.1\xmlsec-2.2.1.jar;C:\Users\raghuwansh.shisode\.m2\repository\com\fasterxml\woodstox\woodstox-core\5.2.1\woodstox-core-5.2.1.jar;C:\Users\raghuwansh.shisode\.m2\repository\org\codehaus\woodstox\stax2-api\4.2\stax2-api-4.2.jar;C:\Users\raghuwansh.shisode\.m2\repository\jakarta\xml\bind\jakarta.xml.bind-api\2.3.2\jakarta.xml.bind-api-2.3.2.jar;C:\Users\raghuwansh.shisode\.m2\repository\jakarta\activation\jakarta.activation-api\1.2.1\jakarta.activation-api-1.2.1.jar;C:\Users\raghuwansh.shisode\.m2\repository\org\apache\xmlgraphics\batik-all\1.13\batik-all-1.13.jar;C:\Users\raghuwansh.shisode\.m2\repository\org\apache\xmlgraphics\batik-anim\1.13\batik-anim-1.13.jar;C:\Users\raghuwansh.shisode\.m2\repository\org\apache\xmlgraphics\batik-shared-resources\1.13\batik-shared-resources-1.13.jar;C:\Users\raghuwansh.shisode\.m2\repository\xml-apis\xml-apis-ext\1.3.04\xml-apis-ext-1.3.04.jar;C:\Users\raghuwansh.shisode\.m2\repository\org\apache\xmlgraphics\batik-awt-util\1.13\batik-awt-util-1.13.jar;C:\Users\raghuwansh.shisode\.m2\repository\org\apache\xmlgraphics\xmlgraphics-commons\2.4\xmlgraphics-commons-2.4.jar;C:\Users\raghuwansh.shisode\.m2\repository\org\apache\xmlgraphics\batik-bridge\1.13\batik-bridge-1.13.jar;C:\Users\raghuwansh.shisode\.m2\repository\org\apache\xmlgraphics\batik-codec\1.13\batik-codec-1.13.jar;C:\Users\raghuwansh.shisode\.m2\repository\org\apache\xmlgraphics\batik-constants\1.13\batik-constants-1.13.jar;C:\Users\raghuwansh.shisode\.m2\repository\org\apache\xmlgraphics\batik-css\1.13\batik-css-1.13.jar;C:\Users\raghuwansh.shisode\.m2\repository\org\apache\xmlgraphics\batik-dom\1.13\batik-dom-1.13.jar;C:\Users\raghuwansh.shisode\.m2\repository\xalan\xalan\2.7.2\xalan-2.7.2.jar;C:\Users\raghuwansh.shisode\.m2\repository\xalan\serializer\2.7.2\serializer-2.7.2.jar;C:\Users\raghuwansh.shisode\.m2\repository\xml-apis\xml-apis\1.4.01\xml-apis-1.4.01.jar;C:\Users\raghuwansh.shisode\.m2\repository\org\apache\xmlgraphics\batik-ext\1.13\batik-ext-1.13.jar;C:\Users\raghuwansh.shisode\.m2\repository\org\apache\xmlgraphics\batik-extension\1.13\batik-extension-1.13.jar;C:\Users\raghuwansh.shisode\.m2\repository\org\apache\xmlgraphics\batik-gui-util\1.13\batik-gui-util-1.13.jar;C:\Users\raghuwansh.shisode\.m2\repository\org\apache\xmlgraphics\batik-gvt\1.13\batik-gvt-1.13.jar;C:\Users\raghuwansh.shisode\.m2\repository\org\apache\xmlgraphics\batik-i18n\1.13\batik-i18n-1.13.jar;C:\Users\raghuwansh.shisode\.m2\repository\org\apache\xmlgraphics\batik-parser\1.13\batik-parser-1.13.jar;C:\Users\raghuwansh.shisode\.m2\repository\org\apache\xmlgraphics\batik-rasterizer-ext\1.13\batik-rasterizer-ext-1.13.jar;C:\Users\raghuwansh.shisode\.m2\repository\org\apache\xmlgraphics\batik-rasterizer\1.13\batik-rasterizer-1.13.jar;C:\Users\raghuwansh.shisode\.m2\repository\org\apache\xmlgraphics\batik-script\1.13\batik-script-1.13.jar;C:\Users\raghuwansh.shisode\.m2\repository\org\apache\xmlgraphics\batik-slideshow\1.13\batik-slideshow-1.13.jar;C:\Users\raghuwansh.shisode\.m2\repository\org\apache\xmlgraphics\batik-squiggle-ext\1.13\batik-squiggle-ext-1.13.jar;C:\Users\raghuwansh.shisode\.m2\repository\org\apache\xmlgraphics\batik-squiggle\1.13\batik-squiggle-1.13.jar;C:\Users\raghuwansh.shisode\.m2\repository\org\apache\xmlgraphics\batik-svg-dom\1.13\batik-svg-dom-1.13.jar;C:\Users\raghuwansh.shisode\.m2\repository\org\apache\xmlgraphics\batik-svgbrowser\1.13\batik-svgbrowser-1.13.jar;C:\Users\raghuwansh.shisode\.m2\repository\org\apache\xmlgraphics\batik-svggen\1.13\batik-svggen-1.13.jar;C:\Users\raghuwansh.shisode\.m2\repository\org\apache\xmlgraphics\batik-svgpp\1.13\batik-svgpp-1.13.jar;C:\Users\raghuwansh.shisode\.m2\repository\org\apache\xmlgraphics\batik-svgrasterizer\1.13\batik-svgrasterizer-1.13.jar;C:\Users\raghuwansh.shisode\.m2\repository\org\apache\xmlgraphics\batik-swing\1.13\batik-swing-1.13.jar;C:\Users\raghuwansh.shisode\.m2\repository\org\apache\xmlgraphics\batik-transcoder\1.13\batik-transcoder-1.13.jar;C:\Users\raghuwansh.shisode\.m2\repository\org\apache\xmlgraphics\batik-util\1.13\batik-util-1.13.jar;C:\Users\raghuwansh.shisode\.m2\repository\org\apache\xmlgraphics\batik-ttf2svg\1.13\batik-ttf2svg-1.13.jar;C:\Users\raghuwansh.shisode\.m2\repository\org\apache\xmlgraphics\batik-xml\1.13\batik-xml-1.13.jar;C:\Users\raghuwansh.shisode\.m2\repository\de\rototor\pdfbox\graphics2d\0.30\graphics2d-0.30.jar;C:\Users\raghuwansh.shisode\.m2\repository\org\apache\pdfbox\pdfbox\2.0.22\pdfbox-2.0.22.jar;C:\Users\raghuwansh.shisode\.m2\repository\org\apache\pdfbox\fontbox\2.0.22\fontbox-2.0.22.jar;"/>
    <property name="java.vm.vendor" value="Oracle Corporation"/>
    <property name="sun.arch.data.model" value="64"/>
    <property name="user.variant" value=""/>
    <property name="java.vendor.url" value="https://openjdk.java.net/"/>
    <property name="user.timezone" value="Asia/Calcutta"/>
    <property name="java.vm.specification.version" value="11"/>
    <property name="os.name" value="Windows 10"/>
    <property name="sun.java.launcher" value="SUN_STANDARD"/>
    <property name="user.country" value="IN"/>
    <property name="sun.boot.library.path" value="C:\Program Files\Java\jdk-11.0.12\bin"/>
    <property name="sun.java.command" value="C:\Users\raghuwansh.shisode\AppData\Local\Temp\surefire272067829941862474\surefirebooter4308095153648762700.jar C:\Users\raghuwansh.shisode\AppData\Local\Temp\surefire272067829941862474 2023-08-19T09-05-09_681-jvmRun1 surefire5051221540053801118tmp surefire_017930534536548165537tmp"/>
    <property name="jdk.debug" value="release"/>
    <property name="surefire.test.class.path" value="C:\Users\raghuwansh.shisode\Desktop\Compex Automation\2023-01-27\Compex\compex\target\test-classes;C:\Users\raghuwansh.shisode\Desktop\Compex Automation\2023-01-27\Compex\compex\target\classes;C:\Users\raghuwansh.shisode\.m2\repository\org\testng\testng\7.4.0\testng-7.4.0.jar;C:\Users\raghuwansh.shisode\.m2\repository\com\beust\jcommander\1.78\jcommander-1.78.jar;C:\Users\raghuwansh.shisode\.m2\repository\org\webjars\jquery\3.5.1\jquery-3.5.1.jar;C:\Users\raghuwansh.shisode\.m2\repository\com\squareup\okhttp3\okhttp\4.9.1\okhttp-4.9.1.jar;C:\Users\raghuwansh.shisode\.m2\repository\com\squareup\okio\okio\2.10.0\okio-2.10.0.jar;C:\Users\raghuwansh.shisode\.m2\repository\org\jetbrains\kotlin\kotlin-stdlib-common\1.4.20\kotlin-stdlib-common-1.4.20.jar;C:\Users\raghuwansh.shisode\.m2\repository\org\jetbrains\kotlin\kotlin-stdlib\1.5.21\kotlin-stdlib-1.5.21.jar;C:\Users\raghuwansh.shisode\.m2\repository\org\jetbrains\annotations\13.0\annotations-13.0.jar;C:\Users\raghuwansh.shisode\.m2\repository\org\json\json\20210307\json-20210307.jar;C:\Users\raghuwansh.shisode\.m2\repository\org\skyscreamer\jsonassert\1.5.0\jsonassert-1.5.0.jar;C:\Users\raghuwansh.shisode\.m2\repository\com\vaadin\external\google\android-json\0.0.20131108.vaadin1\android-json-0.0.20131108.vaadin1.jar;C:\Users\raghuwansh.shisode\.m2\repository\org\apache\commons\commons-text\1.9\commons-text-1.9.jar;C:\Users\raghuwansh.shisode\.m2\repository\org\apache\commons\commons-lang3\3.11\commons-lang3-3.11.jar;C:\Users\raghuwansh.shisode\.m2\repository\org\seleniumhq\selenium\selenium-chrome-driver\4.0.0\selenium-chrome-driver-4.0.0.jar;C:\Users\raghuwansh.shisode\.m2\repository\com\google\auto\service\auto-service-annotations\1.0\auto-service-annotations-1.0.jar;C:\Users\raghuwansh.shisode\.m2\repository\com\google\auto\service\auto-service\1.0\auto-service-1.0.jar;C:\Users\raghuwansh.shisode\.m2\repository\com\google\auto\auto-common\1.0\auto-common-1.0.jar;C:\Users\raghuwansh.shisode\.m2\repository\com\google\guava\guava\31.0.1-jre\guava-31.0.1-jre.jar;C:\Users\raghuwansh.shisode\.m2\repository\com\google\guava\failureaccess\1.0.1\failureaccess-1.0.1.jar;C:\Users\raghuwansh.shisode\.m2\repository\com\google\guava\listenablefuture\9999.0-empty-to-avoid-conflict-with-guava\listenablefuture-9999.0-empty-to-avoid-conflict-with-guava.jar;C:\Users\raghuwansh.shisode\.m2\repository\com\google\code\findbugs\jsr305\3.0.2\jsr305-3.0.2.jar;C:\Users\raghuwansh.shisode\.m2\repository\org\checkerframework\checker-qual\3.12.0\checker-qual-3.12.0.jar;C:\Users\raghuwansh.shisode\.m2\repository\com\google\errorprone\error_prone_annotations\2.7.1\error_prone_annotations-2.7.1.jar;C:\Users\raghuwansh.shisode\.m2\repository\com\google\j2objc\j2objc-annotations\1.3\j2objc-annotations-1.3.jar;C:\Users\raghuwansh.shisode\.m2\repository\org\seleniumhq\selenium\selenium-api\4.0.0\selenium-api-4.0.0.jar;C:\Users\raghuwansh.shisode\.m2\repository\org\seleniumhq\selenium\selenium-chromium-driver\4.0.0\selenium-chromium-driver-4.0.0.jar;C:\Users\raghuwansh.shisode\.m2\repository\org\seleniumhq\selenium\selenium-json\4.0.0\selenium-json-4.0.0.jar;C:\Users\raghuwansh.shisode\.m2\repository\org\seleniumhq\selenium\selenium-remote-driver\4.0.0\selenium-remote-driver-4.0.0.jar;C:\Users\raghuwansh.shisode\.m2\repository\io\netty\netty-buffer\4.1.68.Final\netty-buffer-4.1.68.Final.jar;C:\Users\raghuwansh.shisode\.m2\repository\io\netty\netty-codec-http\4.1.67.Final\netty-codec-http-4.1.67.Final.jar;C:\Users\raghuwansh.shisode\.m2\repository\io\netty\netty-codec\4.1.67.Final\netty-codec-4.1.67.Final.jar;C:\Users\raghuwansh.shisode\.m2\repository\io\netty\netty-handler\4.1.67.Final\netty-handler-4.1.67.Final.jar;C:\Users\raghuwansh.shisode\.m2\repository\io\netty\netty-common\4.1.68.Final\netty-common-4.1.68.Final.jar;C:\Users\raghuwansh.shisode\.m2\repository\io\netty\netty-transport-native-epoll\4.1.67.Final\netty-transport-native-epoll-4.1.67.Final.jar;C:\Users\raghuwansh.shisode\.m2\repository\io\netty\netty-transport-native-kqueue\4.1.67.Final\netty-transport-native-kqueue-4.1.67.Final.jar;C:\Users\raghuwansh.shisode\.m2\repository\io\netty\netty-transport-native-unix-common\4.1.67.Final\netty-transport-native-unix-common-4.1.67.Final.jar;C:\Users\raghuwansh.shisode\.m2\repository\io\netty\netty-transport\4.1.68.Final\netty-transport-4.1.68.Final.jar;C:\Users\raghuwansh.shisode\.m2\repository\io\netty\netty-resolver\4.1.68.Final\netty-resolver-4.1.68.Final.jar;C:\Users\raghuwansh.shisode\.m2\repository\io\opentelemetry\opentelemetry-api\1.6.0\opentelemetry-api-1.6.0.jar;C:\Users\raghuwansh.shisode\.m2\repository\io\opentelemetry\opentelemetry-context\1.6.0\opentelemetry-context-1.6.0.jar;C:\Users\raghuwansh.shisode\.m2\repository\io\opentelemetry\opentelemetry-exporter-logging\1.6.0\opentelemetry-exporter-logging-1.6.0.jar;C:\Users\raghuwansh.shisode\.m2\repository\io\opentelemetry\opentelemetry-sdk-metrics\1.6.0-alpha\opentelemetry-sdk-metrics-1.6.0-alpha.jar;C:\Users\raghuwansh.shisode\.m2\repository\io\opentelemetry\opentelemetry-sdk-common\1.6.0\opentelemetry-sdk-common-1.6.0.jar;C:\Users\raghuwansh.shisode\.m2\repository\io\opentelemetry\opentelemetry-sdk-extension-autoconfigure-spi\1.6.0\opentelemetry-sdk-extension-autoconfigure-spi-1.6.0.jar;C:\Users\raghuwansh.shisode\.m2\repository\io\opentelemetry\opentelemetry-sdk-extension-autoconfigure\1.6.0-alpha\opentelemetry-sdk-extension-autoconfigure-1.6.0-alpha.jar;C:\Users\raghuwansh.shisode\.m2\repository\io\opentelemetry\opentelemetry-sdk-trace\1.6.0\opentelemetry-sdk-trace-1.6.0.jar;C:\Users\raghuwansh.shisode\.m2\repository\io\opentelemetry\opentelemetry-api-metrics\1.6.0-alpha\opentelemetry-api-metrics-1.6.0-alpha.jar;C:\Users\raghuwansh.shisode\.m2\repository\io\opentelemetry\opentelemetry-sdk\1.6.0\opentelemetry-sdk-1.6.0.jar;C:\Users\raghuwansh.shisode\.m2\repository\io\opentelemetry\opentelemetry-semconv\1.6.0-alpha\opentelemetry-semconv-1.6.0-alpha.jar;C:\Users\raghuwansh.shisode\.m2\repository\io\ous\jtoml\2.0.0\jtoml-2.0.0.jar;C:\Users\raghuwansh.shisode\.m2\repository\net\bytebuddy\byte-buddy\1.11.19\byte-buddy-1.11.19.jar;C:\Users\raghuwansh.shisode\.m2\repository\org\apache\commons\commons-exec\1.3\commons-exec-1.3.jar;C:\Users\raghuwansh.shisode\.m2\repository\org\asynchttpclient\async-http-client\2.12.3\async-http-client-2.12.3.jar;C:\Users\raghuwansh.shisode\.m2\repository\org\asynchttpclient\async-http-client-netty-utils\2.12.3\async-http-client-netty-utils-2.12.3.jar;C:\Users\raghuwansh.shisode\.m2\repository\io\netty\netty-codec-socks\4.1.60.Final\netty-codec-socks-4.1.60.Final.jar;C:\Users\raghuwansh.shisode\.m2\repository\io\netty\netty-handler-proxy\4.1.60.Final\netty-handler-proxy-4.1.60.Final.jar;C:\Users\raghuwansh.shisode\.m2\repository\io\netty\netty-transport-native-epoll\4.1.60.Final\netty-transport-native-epoll-4.1.60.Final-linux-x86_64.jar;C:\Users\raghuwansh.shisode\.m2\repository\io\netty\netty-transport-native-kqueue\4.1.60.Final\netty-transport-native-kqueue-4.1.60.Final-osx-x86_64.jar;C:\Users\raghuwansh.shisode\.m2\repository\org\reactivestreams\reactive-streams\1.0.3\reactive-streams-1.0.3.jar;C:\Users\raghuwansh.shisode\.m2\repository\com\typesafe\netty\netty-reactive-streams\2.0.4\netty-reactive-streams-2.0.4.jar;C:\Users\raghuwansh.shisode\.m2\repository\com\sun\activation\jakarta.activation\1.2.2\jakarta.activation-1.2.2.jar;C:\Users\raghuwansh.shisode\.m2\repository\org\seleniumhq\selenium\selenium-http\4.0.0\selenium-http-4.0.0.jar;C:\Users\raghuwansh.shisode\.m2\repository\org\seleniumhq\selenium\selenium-support\4.0.0\selenium-support-4.0.0.jar;C:\Users\raghuwansh.shisode\.m2\repository\commons-io\commons-io\2.11.0\commons-io-2.11.0.jar;C:\Users\raghuwansh.shisode\.m2\repository\org\apache\poi\poi\5.0.0\poi-5.0.0.jar;C:\Users\raghuwansh.shisode\.m2\repository\org\slf4j\slf4j-api\1.7.30\slf4j-api-1.7.30.jar;C:\Users\raghuwansh.shisode\.m2\repository\org\slf4j\jcl-over-slf4j\1.7.30\jcl-over-slf4j-1.7.30.jar;C:\Users\raghuwansh.shisode\.m2\repository\commons-codec\commons-codec\1.15\commons-codec-1.15.jar;C:\Users\raghuwansh.shisode\.m2\repository\org\apache\commons\commons-collections4\4.4\commons-collections4-4.4.jar;C:\Users\raghuwansh.shisode\.m2\repository\org\apache\commons\commons-math3\3.6.1\commons-math3-3.6.1.jar;C:\Users\raghuwansh.shisode\.m2\repository\com\zaxxer\SparseBitSet\1.2\SparseBitSet-1.2.jar;C:\Users\raghuwansh.shisode\.m2\repository\org\apache\poi\poi-ooxml\5.0.0\poi-ooxml-5.0.0.jar;C:\Users\raghuwansh.shisode\.m2\repository\org\apache\poi\poi-ooxml-lite\5.0.0\poi-ooxml-lite-5.0.0.jar;C:\Users\raghuwansh.shisode\.m2\repository\org\apache\xmlbeans\xmlbeans\4.0.0\xmlbeans-4.0.0.jar;C:\Users\raghuwansh.shisode\.m2\repository\org\apache\commons\commons-compress\1.20\commons-compress-1.20.jar;C:\Users\raghuwansh.shisode\.m2\repository\com\github\virtuald\curvesapi\1.06\curvesapi-1.06.jar;C:\Users\raghuwansh.shisode\.m2\repository\org\bouncycastle\bcpkix-jdk15on\1.68\bcpkix-jdk15on-1.68.jar;C:\Users\raghuwansh.shisode\.m2\repository\org\bouncycastle\bcprov-jdk15on\1.68\bcprov-jdk15on-1.68.jar;C:\Users\raghuwansh.shisode\.m2\repository\org\apache\santuario\xmlsec\2.2.1\xmlsec-2.2.1.jar;C:\Users\raghuwansh.shisode\.m2\repository\com\fasterxml\woodstox\woodstox-core\5.2.1\woodstox-core-5.2.1.jar;C:\Users\raghuwansh.shisode\.m2\repository\org\codehaus\woodstox\stax2-api\4.2\stax2-api-4.2.jar;C:\Users\raghuwansh.shisode\.m2\repository\jakarta\xml\bind\jakarta.xml.bind-api\2.3.2\jakarta.xml.bind-api-2.3.2.jar;C:\Users\raghuwansh.shisode\.m2\repository\jakarta\activation\jakarta.activation-api\1.2.1\jakarta.activation-api-1.2.1.jar;C:\Users\raghuwansh.shisode\.m2\repository\org\apache\xmlgraphics\batik-all\1.13\batik-all-1.13.jar;C:\Users\raghuwansh.shisode\.m2\repository\org\apache\xmlgraphics\batik-anim\1.13\batik-anim-1.13.jar;C:\Users\raghuwansh.shisode\.m2\repository\org\apache\xmlgraphics\batik-shared-resources\1.13\batik-shared-resources-1.13.jar;C:\Users\raghuwansh.shisode\.m2\repository\xml-apis\xml-apis-ext\1.3.04\xml-apis-ext-1.3.04.jar;C:\Users\raghuwansh.shisode\.m2\repository\org\apache\xmlgraphics\batik-awt-util\1.13\batik-awt-util-1.13.jar;C:\Users\raghuwansh.shisode\.m2\repository\org\apache\xmlgraphics\xmlgraphics-commons\2.4\xmlgraphics-commons-2.4.jar;C:\Users\raghuwansh.shisode\.m2\repository\org\apache\xmlgraphics\batik-bridge\1.13\batik-bridge-1.13.jar;C:\Users\raghuwansh.shisode\.m2\repository\org\apache\xmlgraphics\batik-codec\1.13\batik-codec-1.13.jar;C:\Users\raghuwansh.shisode\.m2\repository\org\apache\xmlgraphics\batik-constants\1.13\batik-constants-1.13.jar;C:\Users\raghuwansh.shisode\.m2\repository\org\apache\xmlgraphics\batik-css\1.13\batik-css-1.13.jar;C:\Users\raghuwansh.shisode\.m2\repository\org\apache\xmlgraphics\batik-dom\1.13\batik-dom-1.13.jar;C:\Users\raghuwansh.shisode\.m2\repository\xalan\xalan\2.7.2\xalan-2.7.2.jar;C:\Users\raghuwansh.shisode\.m2\repository\xalan\serializer\2.7.2\serializer-2.7.2.jar;C:\Users\raghuwansh.shisode\.m2\repository\xml-apis\xml-apis\1.4.01\xml-apis-1.4.01.jar;C:\Users\raghuwansh.shisode\.m2\repository\org\apache\xmlgraphics\batik-ext\1.13\batik-ext-1.13.jar;C:\Users\raghuwansh.shisode\.m2\repository\org\apache\xmlgraphics\batik-extension\1.13\batik-extension-1.13.jar;C:\Users\raghuwansh.shisode\.m2\repository\org\apache\xmlgraphics\batik-gui-util\1.13\batik-gui-util-1.13.jar;C:\Users\raghuwansh.shisode\.m2\repository\org\apache\xmlgraphics\batik-gvt\1.13\batik-gvt-1.13.jar;C:\Users\raghuwansh.shisode\.m2\repository\org\apache\xmlgraphics\batik-i18n\1.13\batik-i18n-1.13.jar;C:\Users\raghuwansh.shisode\.m2\repository\org\apache\xmlgraphics\batik-parser\1.13\batik-parser-1.13.jar;C:\Users\raghuwansh.shisode\.m2\repository\org\apache\xmlgraphics\batik-rasterizer-ext\1.13\batik-rasterizer-ext-1.13.jar;C:\Users\raghuwansh.shisode\.m2\repository\org\apache\xmlgraphics\batik-rasterizer\1.13\batik-rasterizer-1.13.jar;C:\Users\raghuwansh.shisode\.m2\repository\org\apache\xmlgraphics\batik-script\1.13\batik-script-1.13.jar;C:\Users\raghuwansh.shisode\.m2\repository\org\apache\xmlgraphics\batik-slideshow\1.13\batik-slideshow-1.13.jar;C:\Users\raghuwansh.shisode\.m2\repository\org\apache\xmlgraphics\batik-squiggle-ext\1.13\batik-squiggle-ext-1.13.jar;C:\Users\raghuwansh.shisode\.m2\repository\org\apache\xmlgraphics\batik-squiggle\1.13\batik-squiggle-1.13.jar;C:\Users\raghuwansh.shisode\.m2\repository\org\apache\xmlgraphics\batik-svg-dom\1.13\batik-svg-dom-1.13.jar;C:\Users\raghuwansh.shisode\.m2\repository\org\apache\xmlgraphics\batik-svgbrowser\1.13\batik-svgbrowser-1.13.jar;C:\Users\raghuwansh.shisode\.m2\repository\org\apache\xmlgraphics\batik-svggen\1.13\batik-svggen-1.13.jar;C:\Users\raghuwansh.shisode\.m2\repository\org\apache\xmlgraphics\batik-svgpp\1.13\batik-svgpp-1.13.jar;C:\Users\raghuwansh.shisode\.m2\repository\org\apache\xmlgraphics\batik-svgrasterizer\1.13\batik-svgrasterizer-1.13.jar;C:\Users\raghuwansh.shisode\.m2\repository\org\apache\xmlgraphics\batik-swing\1.13\batik-swing-1.13.jar;C:\Users\raghuwansh.shisode\.m2\repository\org\apache\xmlgraphics\batik-transcoder\1.13\batik-transcoder-1.13.jar;C:\Users\raghuwansh.shisode\.m2\repository\org\apache\xmlgraphics\batik-util\1.13\batik-util-1.13.jar;C:\Users\raghuwansh.shisode\.m2\repository\org\apache\xmlgraphics\batik-ttf2svg\1.13\batik-ttf2svg-1.13.jar;C:\Users\raghuwansh.shisode\.m2\repository\org\apache\xmlgraphics\batik-xml\1.13\batik-xml-1.13.jar;C:\Users\raghuwansh.shisode\.m2\repository\de\rototor\pdfbox\graphics2d\0.30\graphics2d-0.30.jar;C:\Users\raghuwansh.shisode\.m2\repository\org\apache\pdfbox\pdfbox\2.0.22\pdfbox-2.0.22.jar;C:\Users\raghuwansh.shisode\.m2\repository\org\apache\pdfbox\fontbox\2.0.22\fontbox-2.0.22.jar;"/>
    <property name="sun.cpu.endian" value="little"/>
    <property name="user.home" value="C:\Users\raghuwansh.shisode"/>
    <property name="user.language" value="en"/>
    <property name="java.specification.vendor" value="Oracle Corporation"/>
    <property name="java.version.date" value="2021-07-20"/>
    <property name="java.home" value="C:\Program Files\Java\jdk-11.0.12"/>
    <property name="file.separator" value="\"/>
    <property name="basedir" value="C:\Users\raghuwansh.shisode\Desktop\Compex Automation\2023-01-27\Compex\compex"/>
    <property name="java.vm.compressedOopsMode" value="Zero based"/>
    <property name="line.separator" value="&#10;"/>
    <property name="java.specification.name" value="Java Platform API Specification"/>
    <property name="java.vm.specification.vendor" value="Oracle Corporation"/>
    <property name="java.awt.graphicsenv" value="sun.awt.Win32GraphicsEnvironment"/>
    <property name="surefire.real.class.path" value="C:\Users\raghuwansh.shisode\AppData\Local\Temp\surefire272067829941862474\surefirebooter4308095153648762700.jar"/>
    <property name="user.script" value=""/>
    <property name="sun.management.compiler" value="HotSpot 64-Bit Tiered Compilers"/>
    <property name="java.runtime.version" value="11.0.12+8-LTS-237"/>
    <property name="user.name" value="raghuwansh.shisode"/>
    <property name="path.separator" value=";"/>
    <property name="os.version" value="10.0"/>
    <property name="java.runtime.name" value="Java(TM) SE Runtime Environment"/>
    <property name="file.encoding" value="Cp1252"/>
    <property name="sun.nio.ch.bugLevel" value=""/>
    <property name="java.vm.name" value="Java HotSpot(TM) 64-Bit Server VM"/>
    <property name="java.vendor.version" value="18.9"/>
    <property name="localRepository" value="C:\Users\raghuwansh.shisode\.m2\repository"/>
    <property name="java.vendor.url.bug" value="https://bugreport.java.com/bugreport/"/>
    <property name="java.io.tmpdir" value="C:\Users\RAGHUW~1.SHI\AppData\Local\Temp\"/>
    <property name="java.version" value="11.0.12"/>
    <property name="user.dir" value="C:\Users\raghuwansh.shisode\Desktop\Compex Automation\2023-01-27\Compex\compex"/>
    <property name="os.arch" value="amd64"/>
    <property name="java.vm.specification.name" value="Java Virtual Machine Specification"/>
    <property name="java.awt.printerjob" value="sun.awt.windows.WPrinterJob"/>
    <property name="sun.os.patch.level" value=""/>
    <property name="java.library.path" value="C:\Program Files\Java\jdk-11.0.12\bin;C:\Windows\Sun\Java\bin;C:\Windows\system32;C:\Windows;C:\Program Files\Common Files\Oracle\Java\javapath;C:\Program Files (x86)\Common Files\Oracle\Java\javapath;C:\Windows\system32;C:\Windows;C:\Windows\System32\Wbem;C:\Windows\System32\WindowsPowerShell\v1.0\;C:\Windows\System32\OpenSSH\;C:\Program Files\TortoiseSVN\bin;C:\Program Files (x86)\Microsoft SQL Server\Client SDK\ODBC\130\Tools\Binn\;C:\Program Files (x86)\Microsoft SQL Server\130\Tools\Binn\;C:\Program Files (x86)\Microsoft SQL Server\130\DTS\Binn\;C:\Program Files (x86)\Microsoft SQL Server\130\Tools\Binn\ManagementStudio\;C:\Program Files\Git\cmd;C:\Program Files\dotnet\;;C:\Program Files\Git\bin;C:\Users\raghuwansh.shisode\AppData\Local\Microsoft\WindowsApps;C:\Program Files\Java\jdk-11.0.12\bin;C:\Program Files\Java\jdk1.8.0_301\bin;C:\Program Files\Java\jdk-11.0.12\bin;C:\Program Files\MySQL\MySQL Server 8.0\bin;D:\Software\Apache maven\apache-maven-3.9.2\bin;C:\Users\raghuwansh.shisode\AppData\Local\GitHubDesktop\bin;."/>
    <property name="java.vendor" value="Oracle Corporation"/>
    <property name="java.vm.info" value="mixed mode"/>
    <property name="java.vm.version" value="11.0.12+8-LTS-237"/>
    <property name="sun.io.unicode.encoding" value="UnicodeLittle"/>
    <property name="java.class.version" value="55.0"/>
  </properties>
  <testcase name="Init" classname="autoFW.TESTS.Setup" time="8.391">
    <failure message="Could not start a new session. Response code 500. Message: session not created: This version of ChromeDriver only supports Chrome version 108&#10;Current browser version is 116.0.5845.96 with binary path C:\Program Files\Google\Chrome\Application\chrome.exe&#10;Build info: version: &apos;4.0.0&apos;, revision: &apos;3a21814679&apos;&#10;System info: host: &apos;DESKTOP-Q1UB2OV&apos;, ip: &apos;192.168.30.84&apos;, os.name: &apos;Windows 10&apos;, os.arch: &apos;amd64&apos;, os.version: &apos;10.0&apos;, java.version: &apos;11.0.12&apos;&#10;Driver info: org.openqa.selenium.chrome.ChromeDriver&#10;Command: [null, newSession {capabilities=[Capabilities {browserName: chrome, goog:chromeOptions: {args: [], extensions: [], prefs: {download.default_directory: C:\Users\raghuwansh.shisode...}}}], desiredCapabilities=Capabilities {browserName: chrome, goog:chromeOptions: {args: [], extensions: [], prefs: {download.default_directory: C:\Users\raghuwansh.shisode...}}}}]" type="org.openqa.selenium.SessionNotCreatedException"><![CDATA[org.openqa.selenium.SessionNotCreatedException: 
Could not start a new session. Response code 500. Message: session not created: This version of ChromeDriver only supports Chrome version 108
Current browser version is 116.0.5845.96 with binary path C:\Program Files\Google\Chrome\Application\chrome.exe
Build info: version: '4.0.0', revision: '3a21814679'
System info: host: 'DESKTOP-Q1UB2OV', ip: '192.168.30.84', os.name: 'Windows 10', os.arch: 'amd64', os.version: '10.0', java.version: '11.0.12'
Driver info: org.openqa.selenium.chrome.ChromeDriver
Command: [null, newSession {capabilities=[Capabilities {browserName: chrome, goog:chromeOptions: {args: [], extensions: [], prefs: {download.default_directory: C:\Users\raghuwansh.shisode...}}}], desiredCapabilities=Capabilities {browserName: chrome, goog:chromeOptions: {args: [], extensions: [], prefs: {download.default_directory: C:\Users\raghuwansh.shisode...}}}}]
	at autoFW.TESTS.Setup.Init(Setup.java:36)
]]></failure>
    <system-out><![CDATA[[TestNGContentHandler] [WARN] It is strongly recommended to add "<!DOCTYPE suite SYSTEM "https://testng.org/testng-1.0.dtd" >" at the top of the suite file [C:\Users\raghuwansh.shisode\Desktop\Compex Automation\2023-01-27\Compex\compex\src\test\java\TestNGSuites\testng.xml] otherwise TestNG may fail or not work as expected.
BeforeClassSetup
]]></system-out>
    <system-err><![CDATA[SLF4J: Failed to load class "org.slf4j.impl.StaticLoggerBinder".
SLF4J: Defaulting to no-operation (NOP) logger implementation
SLF4J: See http://www.slf4j.org/codes.html#StaticLoggerBinder for further details.
Starting ChromeDriver 108.0.5359.71 (1e0e3868ee06e91ad636a874420e3ca3ae3756ac-refs/branch-heads/5359@{#1016}) on port 54600
Only local connections are allowed.
Please see https://chromedriver.chromium.org/security-considerations for suggestions on keeping ChromeDriver safe.
ChromeDriver was started successfully.
]]></system-err>
  </testcase>
  <testcase name="VerifyLoginAsCustodian[https://www.cpxlegaltest.com/, TestCusto123, Compex@2017](1)" classname="autoFW.TESTS.Compex_tests" time="0.001">
    <failure type="java.lang.NullPointerException"><![CDATA[java.lang.NullPointerException
	at autoFW.TESTS.Compex_tests.VerifyLoginAsCustodian(Compex_tests.java:47)
]]></failure>
    <system-out><![CDATA[Logging in at url: https://www.cpxlegaltest.com/
Custodian User: TestCusto123
Pwd: Compex@2017

]]></system-out>
  </testcase>
  <testcase name="VerifyLoginAsClientContact[https://www.cpxlegaltest.com/, teresam, Compex@2017](1)" classname="autoFW.TESTS.Compex_tests" time="0">
    <failure type="java.lang.NullPointerException"><![CDATA[java.lang.NullPointerException
	at autoFW.TESTS.Compex_tests.VerifyLoginAsClientContact(Compex_tests.java:122)
]]></failure>
    <system-out><![CDATA[Logging in at url: https://www.cpxlegaltest.com/
User: teresam
Pwd: Compex@2017

]]></system-out>
  </testcase>
  <testcase name="VerifyLoginAsClientManager[https://www.cpxlegaltest.com/, arjoshi, Compex@2017](1)" classname="autoFW.TESTS.Compex_tests" time="0.002">
    <failure type="java.lang.NullPointerException"><![CDATA[java.lang.NullPointerException
	at autoFW.TESTS.Compex_tests.VerifyLoginAsClientManager(Compex_tests.java:94)
]]></failure>
    <system-out><![CDATA[Logging in at url: https://www.cpxlegaltest.com/
User: arjoshi
Pwd: Compex@2017

]]></system-out>
  </testcase>
  <testcase name="VerifyLoginAsSuperUser[https://www.cpxlegaltest.com/, SuperUser, Compex@2017](1)" classname="autoFW.TESTS.Compex_tests" time="0.002">
    <failure type="java.lang.NullPointerException"><![CDATA[java.lang.NullPointerException
	at autoFW.TESTS.Compex_tests.VerifyLoginAsSuperUser(Compex_tests.java:64)
]]></failure>
    <system-out><![CDATA[Logging in at url: https://www.cpxlegaltest.com/
User: SuperUser
Pwd: Compex@2017

]]></system-out>
  </testcase>
  <testcase name="LoginAsSuperUser[https://www.cpxlegaltest.com/, SuperUser, Compex@2017](1)" classname="autoFW.TESTS.Compex_tests" time="0.002">
    <failure type="java.lang.NullPointerException"><![CDATA[java.lang.NullPointerException
	at autoFW.TESTS.Compex_tests.LoginAsSuperUser(Compex_tests.java:56)
]]></failure>
    <system-out><![CDATA[Logging in at url: https://www.cpxlegaltest.com/
User: SuperUser
Pwd: Compex@2017

]]></system-out>
  </testcase>
  <testcase name="SearchByOrderNum1" classname="autoFW.TESTS.Compex_tests" time="0.045">
    <failure message="Input must be set" type="java.lang.IllegalArgumentException"><![CDATA[java.lang.IllegalArgumentException: Input must be set
	at autoFW.TESTS.Compex_tests.SearchByOrderNum1(Compex_tests.java:161)
]]></failure>
    <system-out><![CDATA[Searching for order: CA1094395

Waiting for bigLoader to appear

waitUntilElementIsVisible: For element with xpath "//div[@id='ajaxBusy']"

]]></system-out>
  </testcase>
  <testcase name="SearchByClaimNum" classname="autoFW.TESTS.Compex_tests" time="0.007">
    <failure message="Input must be set" type="java.lang.IllegalArgumentException"><![CDATA[java.lang.IllegalArgumentException: Input must be set
	at autoFW.TESTS.Compex_tests.SearchByClaimNum(Compex_tests.java:173)
]]></failure>
    <system-out><![CDATA[Searching for orders with claim #: 45678

Waiting for bigLoader to appear

waitUntilElementIsVisible: For element with xpath "//div[@id='ajaxBusy']"

]]></system-out>
  </testcase>
  <testcase name="SearchByPlaintiff" classname="autoFW.TESTS.Compex_tests" time="0.005">
    <failure message="Input must be set" type="java.lang.IllegalArgumentException"><![CDATA[java.lang.IllegalArgumentException: Input must be set
	at autoFW.TESTS.Compex_tests.SearchByPlaintiff(Compex_tests.java:179)
]]></failure>
    <system-out><![CDATA[Searching for orders with Plaintiff Name: Test1

Waiting for bigLoader to appear

waitUntilElementIsVisible: For element with xpath "//div[@id='ajaxBusy']"

]]></system-out>
  </testcase>
  <testcase name="SearchBycaseNum" classname="autoFW.TESTS.Compex_tests" time="0.005">
    <failure message="Input must be set" type="java.lang.IllegalArgumentException"><![CDATA[java.lang.IllegalArgumentException: Input must be set
	at autoFW.TESTS.Compex_tests.SearchBycaseNum(Compex_tests.java:185)
]]></failure>
    <system-out><![CDATA[Searching for orders with caseNum : 7777777

Waiting for bigLoader to appear

waitUntilElementIsVisible: For element with xpath "//div[@id='ajaxBusy']"

]]></system-out>
  </testcase>
  <testcase name="SearchBydefendant" classname="autoFW.TESTS.Compex_tests" time="0.006">
    <failure message="Input must be set" type="java.lang.IllegalArgumentException"><![CDATA[java.lang.IllegalArgumentException: Input must be set
	at autoFW.TESTS.Compex_tests.SearchBydefendant(Compex_tests.java:190)
]]></failure>
    <system-out><![CDATA[Searching for orders with Defendant : Robert Crown

Waiting for bigLoader to appear

waitUntilElementIsVisible: For element with xpath "//div[@id='ajaxBusy']"

]]></system-out>
  </testcase>
  <testcase name="SearchByattorney" classname="autoFW.TESTS.Compex_tests" time="0.005">
    <failure message="Input must be set" type="java.lang.IllegalArgumentException"><![CDATA[java.lang.IllegalArgumentException: Input must be set
	at autoFW.TESTS.Compex_tests.SearchByattorney(Compex_tests.java:195)
]]></failure>
    <system-out><![CDATA[Searching for orders with Attorney : Michael Spongeberg (123)

Waiting for bigLoader to appear

waitUntilElementIsVisible: For element with xpath "//div[@id='ajaxBusy']"

]]></system-out>
  </testcase>
  <testcase name="SearchByadjuster" classname="autoFW.TESTS.Compex_tests" time="0.006">
    <failure message="Input must be set" type="java.lang.IllegalArgumentException"><![CDATA[java.lang.IllegalArgumentException: Input must be set
	at autoFW.TESTS.Compex_tests.SearchByadjuster(Compex_tests.java:202)
]]></failure>
    <system-out><![CDATA[Searching for orders with adjuster : Adam Dodge

Waiting for bigLoader to appear

waitUntilElementIsVisible: For element with xpath "//div[@id='ajaxBusy']"

]]></system-out>
  </testcase>
  <testcase name="SearchByFilm" classname="autoFW.TESTS.Compex_tests" time="0.007">
    <failure message="Input must be set" type="java.lang.IllegalArgumentException"><![CDATA[java.lang.IllegalArgumentException: Input must be set
	at autoFW.TESTS.Compex_tests.SearchByFilm(Compex_tests.java:209)
]]></failure>
    <system-out><![CDATA[Searching for order (with Film) : CA1094247 --> 001

Waiting for bigLoader to appear

waitUntilElementIsVisible: For element with xpath "//div[@id='ajaxBusy']"

]]></system-out>
  </testcase>
  <testcase name="AddLocation" classname="autoFW.TESTS.Compex_tests" time="3.011">
    <failure message="Input must be set" type="java.lang.IllegalArgumentException"><![CDATA[java.lang.IllegalArgumentException: Input must be set
	at autoFW.TESTS.Compex_tests.AddLocation(Compex_tests.java:270)
]]></failure>
    <system-out><![CDATA[Waiting for bigLoader to appear

waitUntilElementIsVisible: For element with xpath "//div[@id='ajaxBusy']"

]]></system-out>
  </testcase>
  <testcase name="Cancel_SingleOrderLocation" classname="autoFW.TESTS.Compex_tests" time="3.018">
    <failure message="Input must be set" type="java.lang.IllegalArgumentException"><![CDATA[java.lang.IllegalArgumentException: Input must be set
	at autoFW.TESTS.Compex_tests.Cancel_SingleOrderLocation(Compex_tests.java:252)
]]></failure>
    <system-out><![CDATA[Waiting for bigLoader to appear

waitUntilElementIsVisible: For element with xpath "//div[@id='ajaxBusy']"

]]></system-out>
  </testcase>
  <testcase name="UploadDocument_SingleOrder" classname="autoFW.TESTS.Compex_tests" time="3.018">
    <failure message="Input must be set" type="java.lang.IllegalArgumentException"><![CDATA[java.lang.IllegalArgumentException: Input must be set
	at autoFW.TESTS.Compex_tests.UploadDocument_SingleOrder(Compex_tests.java:240)
]]></failure>
    <system-out><![CDATA[Waiting for bigLoader to appear

waitUntilElementIsVisible: For element with xpath "//div[@id='ajaxBusy']"

]]></system-out>
  </testcase>
  <testcase name="AddComment_SingleOrderLocation" classname="autoFW.TESTS.Compex_tests" time="3.025">
    <failure message="Input must be set" type="java.lang.IllegalArgumentException"><![CDATA[java.lang.IllegalArgumentException: Input must be set
	at autoFW.TESTS.Compex_tests.AddComment_SingleOrderLocation(Compex_tests.java:258)
]]></failure>
    <system-out><![CDATA[Waiting for bigLoader to appear

waitUntilElementIsVisible: For element with xpath "//div[@id='ajaxBusy']"

]]></system-out>
  </testcase>
  <testcase name="Logout" classname="autoFW.TESTS.Compex_tests" time="0.003">
    <failure message="Input must be set" type="java.lang.IllegalArgumentException"><![CDATA[java.lang.IllegalArgumentException: Input must be set
	at autoFW.TESTS.Compex_tests.Logout(Compex_tests.java:130)
]]></failure>
    <system-out><![CDATA[Waiting for bigLoader to appear

waitUntilElementIsVisible: For element with xpath "//div[@id='ajaxBusy']"

]]></system-out>
  </testcase>
  <testcase name="CleanupTest" classname="autoFW.TESTS.Cleanup" time="0.001">
    <failure type="java.lang.NullPointerException"><![CDATA[java.lang.NullPointerException
	at autoFW.TESTS.Cleanup.CleanupTest(Cleanup.java:13)
]]></failure>
  </testcase>
</testsuite>