<?xml version="1.0" encoding="UTF-8"?>
<!-- Generated by org.testng.reporters.JUnitReportReporter -->
<testsuite hostname="DESKTOP-7IL72ML" failures="0" tests="1" name="it3.Compex_tests" time="5.053" errors="0" timestamp="2021-10-26T10:37:02 IST" skipped="0">
  <testcase classname="it3.Compex_tests" name="CompexTest01" time="5.053"/>
  <system-out>
    <![CDATA[Waited successfully for element with xpath: "//a[text()='Courses']"
Attempting to click..
Waited successfully for element with xpath: "//a[text()='Courses']"
Clicked successfully on WebElement: "//a[text()='Courses']"]]>
  </system-out>
</testsuite> <!-- it3.Compex_tests -->
