<?xml version="1.0" encoding="UTF-8"?>
<!-- Generated by org.testng.reporters.JUnitReportReporter -->
<testsuite hostname="DESKTOP-7IL72ML" failures="0" tests="1" name="it3.Cleanup" time="0.127" errors="0" timestamp="2021-10-26T10:37:02 IST" skipped="0">
  <testcase classname="it3.Cleanup" name="CleanupTest" time="0.127"/>
  <system-out/>
</testsuite> <!-- it3.Cleanup -->
