<?xml version="1.0" encoding="UTF-8"?>
<!-- Generated by org.testng.reporters.JUnitReportReporter -->
<testsuite hostname="DESKTOP-7IL72ML" failures="0" tests="1" name="it3.Compex_tests" time="3.372" errors="0" timestamp="2021-10-26T10:11:14 IST" skipped="0">
  <testcase classname="it3.Compex_tests" name="CompexTest01" time="3.372"/>
  <system-out/>
</testsuite> <!-- it3.Compex_tests -->
