<?xml version="1.0" encoding="UTF-8"?>
<!-- Generated by org.testng.reporters.JUnitReportReporter -->
<testsuite hostname="DESKTOP-Q1UB2OV" failures="0" tests="1" name="autoFW.TESTS.Setup" time="7.973" errors="0" timestamp="2023-01-27T10:20:16 IST" skipped="0">
  <testcase classname="autoFW.TESTS.Setup" name="Init" time="7.973"/>
  <system-out/>
</testsuite> <!-- autoFW.TESTS.Setup -->
