<?xml version="1.0" encoding="UTF-8"?>
<!-- Generated by org.testng.reporters.JUnitReportReporter -->
<testsuite hostname="DESKTOP-7IL72ML" failures="0" tests="1" name="it3.Setup" time="1.206" errors="0" timestamp="2021-10-26T10:11:14 IST" skipped="0">
  <testcase classname="it3.Setup" name="Init" time="1.206"/>
  <system-out/>
</testsuite> <!-- it3.Setup -->
