<?xml version="1.0" encoding="UTF-8"?>
<!-- Generated by org.testng.reporters.JUnitReportReporter -->
<testsuite hostname="DESKTOP-Q1UB2OV" failures="0" tests="1" name="autoFW.TESTS.Cleanup" time="1.352" errors="0" timestamp="2023-01-27T10:20:16 IST" skipped="0">
  <testcase classname="autoFW.TESTS.Cleanup" name="CleanupTest" time="1.352"/>
  <system-out/>
</testsuite> <!-- autoFW.TESTS.Cleanup -->
